<!DOCTYPE html>
<html>
<head>
    <title>Unittest Results</title>
    <meta charset="utf-8">
    <meta name="viewport" content="width=device-width, initial-scale=1.0">
    <link rel="stylesheet" href="https://maxcdn.bootstrapcdn.com/bootstrap/3.3.6/css/bootstrap.min.css" integrity="sha384-1q8mTJOASx8j1Au+a5WDVnPi2lkFfwwEAa8hDDdjZlpLegxhjVME1fgjWPGmkzs7" crossorigin="anonymous">
</head>
<body>
    <div class="container">
        <div class="row">
            <div class="col-xs-12">
                <h2 class="text-capitalize">Unittest Results</h2>
                <p class='attribute'><strong>Start Time: </strong>2024-06-20 01:08:38</p>
                <p class='attribute'><strong>Duration: </strong>50.20 s</p>
                <p class='attribute'><strong>Summary: </strong>Total: 5, Pass: 4, Error: 1</p>
            </div>
        </div>
        <div class="row">
            <div class="col-xs-12 col-sm-10 col-md-10">
                <table class='table table-hover table-responsive'>
                    <thead>
                        <tr>
                            <th>__main__.MyTestCase</th>
                            <th>Status</th>
                            <th></th>
                        </tr>
                    </thead>
                    <tbody>
                        <tr class='success'>
                            <td class="col-xs-10">test_login_0_phunghuyen_mk1995_gmail_com</td>
                            <td class="col-xs-1">
                                <span class="label label-success" style="display:block;width:40px;">Pass</span>
                            </td>
                            <td class="col-xs-1">
                            </td>
                        </tr>
                        <tr class='success'>
                            <td class="col-xs-10">test_login_1_phunghuyen_mk1995_gmail_com1</td>
                            <td class="col-xs-1">
                                <span class="label label-success" style="display:block;width:40px;">Pass</span>
                            </td>
                            <td class="col-xs-1">
                            </td>
                        </tr>
                        <tr class='success'>
                            <td class="col-xs-10">test_login_2_phunghuyen_mk1995_gmail_com2</td>
                            <td class="col-xs-1">
                                <span class="label label-success" style="display:block;width:40px;">Pass</span>
                            </td>
                            <td class="col-xs-1">
                            </td>
                        </tr>
                        <tr class='warning'>
                            <td class="col-xs-10">test_login_3_phunghuyen_mk1995_gmail_com3Phongnd_15</td>
                            <td class="col-xs-1">
                                <span class="label label-warning" style="display:block;width:40px;">Error</span>
                            </td>
                            <td class="col-xs-1">
                                <button class="btn btn-default btn-xs">View</button>
                            </td>
                        </tr>
                        <tr style="display:none;">
                            <td class="col-xs-9" colspan="3"><p style="color:maroon;">InvalidArgumentException: Message: invalid argument
  (Session info: chrome=126.0.6478.62)
Stacktrace:
	GetHandleVerifier [0x00007FF75DC03E42+31618]
	(No symbol) [0x00007FF75DB7B0A9]
	(No symbol) [0x00007FF75DA386B9]
	(No symbol) [0x00007FF75DA206EE]
	(No symbol) [0x00007FF75DA1EC05]
	(No symbol) [0x00007FF75DA1F3FC]
	(No symbol) [0x00007FF75DA3B661]
	(No symbol) [0x00007FF75DACD41E]
	(No symbol) [0x00007FF75DAAD10A]
	(No symbol) [0x00007FF75DACCA80]
	(No symbol) [0x00007FF75DAACEB3]
	(No symbol) [0x00007FF75DA7A46B]
	(No symbol) [0x00007FF75DA7B001]
	GetHandleVerifier [0x00007FF75DF0A01D+3202397]
	GetHandleVerifier [0x00007FF75DF56A3D+3516285]
	GetHandleVerifier [0x00007FF75DF4C4B0+3473904]
	GetHandleVerifier [0x00007FF75DCB5D46+760454]
	(No symbol) [0x00007FF75DB86B4F]
	(No symbol) [0x00007FF75DB81CE4]
	(No symbol) [0x00007FF75DB81E72]
	(No symbol) [0x00007FF75DB7121F]
	BaseThreadInitThunk [0x00007FF95A2F7BD4+20]
	RtlUserThreadStart [0x00007FF95C26CED1+33]
</p><p style="color:maroon;">Traceback (most recent call last):
  File "C:\Users\HLC_2021\AppData\Local\Programs\Python\Python312\Lib\site-packages\parameterized\parameterized.py", line 620, in standalone_func
    return func(*(a + p.args), **p.kwargs, **kw)
           ^^^^^^^^^^^^^^^^^^^^^^^^^^^^^^^^^^^^^
  File "C:\Users\HLC_2021\Downloads\Auto_Test-main\Auto_Test-main\tests\LoginTests.py", line 22, in test_login
    stepLogin(self.drivers).login(username, password)
    ^^^^^^^^^^^^^^^^^^^^^
  File "C:\Users\HLC_2021\AppData\Local\Programs\Python\Python312\Lib\site-packages\selenium\webdriver\remote\webdriver.py", line 356, in get
    self.execute(Command.GET, {"url": url})
  File "C:\Users\HLC_2021\AppData\Local\Programs\Python\Python312\Lib\site-packages\selenium\webdriver\remote\webdriver.py", line 347, in execute
    self.error_handler.check_response(response)
  File "C:\Users\HLC_2021\AppData\Local\Programs\Python\Python312\Lib\site-packages\selenium\webdriver\remote\errorhandler.py", line 229, in check_response
    raise exception_class(message, screen, stacktrace)
selenium.common.exceptions.InvalidArgumentException: Message: invalid argument
  (Session info: chrome=126.0.6478.62)
Stacktrace:
	GetHandleVerifier [0x00007FF75DC03E42+31618]
	(No symbol) [0x00007FF75DB7B0A9]
	(No symbol) [0x00007FF75DA386B9]
	(No symbol) [0x00007FF75DA206EE]
	(No symbol) [0x00007FF75DA1EC05]
	(No symbol) [0x00007FF75DA1F3FC]
	(No symbol) [0x00007FF75DA3B661]
	(No symbol) [0x00007FF75DACD41E]
	(No symbol) [0x00007FF75DAAD10A]
	(No symbol) [0x00007FF75DACCA80]
	(No symbol) [0x00007FF75DAACEB3]
	(No symbol) [0x00007FF75DA7A46B]
	(No symbol) [0x00007FF75DA7B001]
	GetHandleVerifier [0x00007FF75DF0A01D+3202397]
	GetHandleVerifier [0x00007FF75DF56A3D+3516285]
	GetHandleVerifier [0x00007FF75DF4C4B0+3473904]
	GetHandleVerifier [0x00007FF75DCB5D46+760454]
	(No symbol) [0x00007FF75DB86B4F]
	(No symbol) [0x00007FF75DB81CE4]
	(No symbol) [0x00007FF75DB81E72]
	(No symbol) [0x00007FF75DB7121F]
	BaseThreadInitThunk [0x00007FF95A2F7BD4+20]
	RtlUserThreadStart [0x00007FF95C26CED1+33]

</p>
                            </td>
                        </tr>
                        <tr class='success'>
                            <td class="col-xs-10">test_login_4_phunghuyen_mk1995_gmail_com4</td>
                            <td class="col-xs-1">
                                <span class="label label-success" style="display:block;width:40px;">Pass</span>
                            </td>
                            <td class="col-xs-1">
                            </td>
                        </tr>
                        <tr>
                            <td colspan="3">
                                Total: 5, Pass: 4, Error: 1 -- Duration: 50.20 s
                            </td>
                        </tr>
                    </tbody>
                </table>
            </div>
        </div>
    </div>
    <script src="https://ajax.googleapis.com/ajax/libs/jquery/2.2.4/jquery.min.js"></script>
    <script type="text/javascript">
        $(document).ready(function(){
            $('td').on('click', '.btn', function(e){
                e.preventDefault();
                e.stopImmediatePropagation();
                var $this = $(this);
                var $nextRow = $this.closest('tr').next('tr');
                $nextRow.slideToggle("fast");
                $this.text(function(i, text){
                    if (text === 'View') {
                        return 'Hide';
                    } else {
                        return 'View';
                    };
                });
            });
        });
    </script>
</body>
</html